13/09/2019 08:05:25 devpinoyLogger The browser : 'chrome' has been launched successfully
13/09/2019 08:05:35 devpinoyLogger The URL : 'https://www.emirates.com/ae/english/' has been opened
13/09/2019 08:05:35 devpinoyLogger Implicitly wait has been set to 30 Secs
13/09/2019 08:05:38 devpinoyLogger Title verified and its matching with the given text : Emirates flights – Book a flight, browse our flight offers and explore the Emirates Experience
13/09/2019 08:05:41 devpinoyLogger The data : 'Chennai' has been entered by locator: 'xpath' successfully
13/09/2019 08:05:46 devpinoyLogger The data : 'Dubai' has been entered by locator: 'xpath' successfully
13/09/2019 08:05:50 devpinoyLogger The element has been clicked by locator: 'xpath' successfully
13/09/2019 08:05:51 devpinoyLogger The element has been clicked by locator: 'xpath' successfully
13/09/2019 08:06:18 devpinoyLogger The element has been clicked by locator: 'xpath' successfully
13/09/2019 08:06:24 devpinoyLogger Title verified and its not matching with the given text : Emirates flights – Book a flight, browse our flight offers and explore the Emirates Experience
13/09/2019 08:06:27 devpinoyLogger All the active browsers has been closed
13/09/2019 08:06:31 devpinoyLogger The browser : 'chrome' has been launched successfully
13/09/2019 08:06:46 devpinoyLogger The URL : 'https://www.emirates.com/ae/english/' has been opened
13/09/2019 08:06:46 devpinoyLogger Implicitly wait has been set to 30 Secs
13/09/2019 08:06:48 devpinoyLogger Title verified and its matching with the given text : Emirates flights – Book a flight, browse our flight offers and explore the Emirates Experience
13/09/2019 08:06:51 devpinoyLogger The data : 'Chennai' has been entered by locator: 'xpath' successfully
13/09/2019 08:06:56 devpinoyLogger The data : 'Dubai' has been entered by locator: 'xpath' successfully
13/09/2019 08:06:59 devpinoyLogger The element has been clicked by locator: 'xpath' successfully
13/09/2019 08:07:00 devpinoyLogger Unable to click the element by locator: 'xpath', value :'null'
13/09/2019 08:07:02 devpinoyLogger All the active browsers has been closed
