13/09/2019 02:18:36 devpinoyLogger The browser : 'chrome' has been launched successfully
13/09/2019 02:18:44 devpinoyLogger The URL : 'https://www.emirates.com/ae/english/' has been opened
13/09/2019 02:18:44 devpinoyLogger Implicitly wait has been set to 30 Secs
13/09/2019 02:18:45 devpinoyLogger Title verified and its matching with the given text : Emirates flights – Book a flight, browse our flight offers and explore the Emirates Experience
13/09/2019 02:18:49 devpinoyLogger The data : 'Chennai' has been entered by locator: 'xpath' successfully
13/09/2019 02:18:52 devpinoyLogger The element has been clicked by locator: 'xpath' successfully
13/09/2019 02:18:53 devpinoyLogger The data : 'uba' has been entered by locator: 'xpath' successfully
13/09/2019 02:19:26 devpinoyLogger Unable to click the element by locator: 'xpath', value :'(//*[@class='location__list']/li)[4]'
13/09/2019 02:19:33 devpinoyLogger All the active browsers has been closed
13/09/2019 02:19:42 devpinoyLogger The browser : 'chrome' has been launched successfully
13/09/2019 02:19:57 devpinoyLogger The URL : 'https://www.emirates.com/ae/english/' has been opened
13/09/2019 02:19:57 devpinoyLogger Implicitly wait has been set to 30 Secs
13/09/2019 02:19:59 devpinoyLogger Title verified and its matching with the given text : Emirates flights – Book a flight, browse our flight offers and explore the Emirates Experience
13/09/2019 02:20:03 devpinoyLogger The data : 'Chennai' has been entered by locator: 'xpath' successfully
13/09/2019 02:20:20 devpinoyLogger The element has been clicked by locator: 'xpath' successfully
13/09/2019 02:20:22 devpinoyLogger The data : 'uba' has been entered by locator: 'xpath' successfully
13/09/2019 02:20:36 devpinoyLogger The element has been clicked by locator: 'xpath' successfully
13/09/2019 02:20:36 devpinoyLogger Unable to take ScreenShot
13/09/2019 02:20:36 devpinoyLogger Unable to click the element by locator: 'xpath', value :'(//a[@data-string='"+"departureDate"+'])[1]'
13/09/2019 02:20:36 devpinoyLogger Unable to take ScreenShot
13/09/2019 02:20:38 devpinoyLogger All the active browsers has been closed
