13/09/2019 08:11:48 devpinoyLogger The browser : 'chrome' has been launched successfully
13/09/2019 08:12:02 devpinoyLogger The URL : 'https://www.emirates.com/ae/english/' has been opened
13/09/2019 08:12:02 devpinoyLogger Implicitly wait has been set to 30 Secs
13/09/2019 08:12:06 devpinoyLogger Title verified and its matching with the given text : Emirates flights – Book a flight, browse our flight offers and explore the Emirates Experience
13/09/2019 08:12:11 devpinoyLogger The data : 'Chennai' has been entered by locator: 'xpath' successfully
13/09/2019 08:12:16 devpinoyLogger The data : 'Dubai' has been entered by locator: 'xpath' successfully
13/09/2019 08:12:21 devpinoyLogger The element has been clicked by locator: 'xpath' successfully
13/09/2019 08:12:22 devpinoyLogger The element has been clicked by locator: 'xpath' successfully
13/09/2019 08:12:45 devpinoyLogger The element has been clicked by locator: 'xpath' successfully
13/09/2019 08:12:51 devpinoyLogger Title verified and its matching with the given text : Search results | Make a booking | Emirates
13/09/2019 08:12:52 devpinoyLogger Text cannot be retrieved from given xpath value
13/09/2019 08:12:54 devpinoyLogger All the active browsers has been closed
13/09/2019 08:13:01 devpinoyLogger The browser : 'chrome' has been launched successfully
13/09/2019 08:13:19 devpinoyLogger The URL : 'https://www.emirates.com/ae/english/' has been opened
13/09/2019 08:13:19 devpinoyLogger Implicitly wait has been set to 30 Secs
13/09/2019 08:13:20 devpinoyLogger Title verified and its matching with the given text : Emirates flights – Book a flight, browse our flight offers and explore the Emirates Experience
13/09/2019 08:13:24 devpinoyLogger The data : 'Chennai' has been entered by locator: 'xpath' successfully
13/09/2019 08:13:28 devpinoyLogger The data : 'Dubai' has been entered by locator: 'xpath' successfully
13/09/2019 08:13:32 devpinoyLogger The element has been clicked by locator: 'xpath' successfully
13/09/2019 08:13:33 devpinoyLogger Unable to click the element by locator: 'xpath', value :'null'
13/09/2019 08:13:35 devpinoyLogger All the active browsers has been closed
