13/09/2019 09:38:24 devpinoyLogger The browser : 'chrome' has been launched successfully
13/09/2019 09:38:32 devpinoyLogger The URL : 'https://www.emirates.com/ae/english/' has been opened
13/09/2019 09:38:32 devpinoyLogger Implicitly wait has been set to 30 Secs
13/09/2019 09:38:33 devpinoyLogger Title verified and its matching with the given text : Emirates flights – Book a flight, browse our flight offers and explore the Emirates Experience
13/09/2019 09:38:36 devpinoyLogger The data : 'Chennai' has been entered by locator: 'xpath' successfully
13/09/2019 09:38:41 devpinoyLogger The data : 'Dubai' has been entered by locator: 'xpath' successfully
13/09/2019 09:38:46 devpinoyLogger The element has been clicked by locator: 'xpath' successfully
13/09/2019 09:38:47 devpinoyLogger The element has been clicked by locator: 'xpath' successfully
13/09/2019 09:39:13 devpinoyLogger The element has been clicked by locator: 'xpath' successfully
13/09/2019 09:39:19 devpinoyLogger Title verified and its matching with the given text : Search results | Make a booking | Emirates
13/09/2019 09:39:20 devpinoyLogger The retrieved text is : Outbound, Chennai to Dubai (3 options)
13/09/2019 09:39:21 devpinoyLogger The retrieved text is : Saturday, 28 September 2019
13/09/2019 09:39:23 devpinoyLogger All the active browsers has been closed
13/09/2019 09:39:29 devpinoyLogger The browser : 'chrome' has been launched successfully
13/09/2019 09:39:37 devpinoyLogger The URL : 'https://www.emirates.com/ae/english/' has been opened
13/09/2019 09:39:38 devpinoyLogger Implicitly wait has been set to 30 Secs
13/09/2019 09:39:40 devpinoyLogger Title verified and its matching with the given text : Emirates flights – Book a flight, browse our flight offers and explore the Emirates Experience
13/09/2019 09:39:42 devpinoyLogger The data : 'Chennai' has been entered by locator: 'xpath' successfully
13/09/2019 09:39:48 devpinoyLogger The data : 'Dubai' has been entered by locator: 'xpath' successfully
13/09/2019 09:39:53 devpinoyLogger The element has been clicked by locator: 'xpath' successfully
13/09/2019 09:39:55 devpinoyLogger The element has been clicked by locator: 'xpath' successfully
13/09/2019 09:40:28 devpinoyLogger The element has been clicked by locator: 'xpath' successfully
13/09/2019 09:40:34 devpinoyLogger Title verified and its matching with the given text : Search results | Make a booking | Emirates
13/09/2019 09:40:36 devpinoyLogger The retrieved text is : Outbound, Chennai to Dubai (3 options)
13/09/2019 09:40:37 devpinoyLogger The retrieved text is : Saturday, 28 September 2019
13/09/2019 09:40:38 devpinoyLogger The retrieved text is : Inbound, Dubai to Chennai (3 options)
13/09/2019 09:40:40 devpinoyLogger The retrieved text is : Sunday, 27 October 2019
13/09/2019 09:40:42 devpinoyLogger All the active browsers has been closed
